<?xml version="1.0" encoding="UTF-8"?>
<!-- Generated by org.testng.reporters.JUnitXMLReporter -->
<testsuite hostname="DESKTOP-M57K9LG" ignored="0" name="Facebook Assignment" tests="2" failures="0" timestamp="04 May 2020 09:47:27 GMT" time="67.819" errors="0">
  <testcase name="verifyLogin" time="25.374" classname="com.company.facebook.testsuite.FacebookTest"/>
  <testcase name="postStatusMessage" time="24.386" classname="com.company.facebook.testsuite.FacebookTest"/>
</testsuite> <!-- Facebook Assignment -->
