<?xml version="1.0" encoding="UTF-8"?>
<!-- Generated by org.testng.reporters.JUnitXMLReporter -->
<testsuite hostname="DESKTOP-M57K9LG" ignored="1" name="Wallet Hub Assignment" tests="2" failures="0" timestamp="04 May 2020 07:20:21 GMT" time="36.905" errors="0">
  <testcase name="VerifyTestInsuranceCompanyRatingPage" time="1.299" classname="com.company.wallethub.testsuite.InsuranceCompanyRatingTest"/>
  <testcase name="provideRating" time="9.295" classname="com.company.wallethub.testsuite.InsuranceCompanyRatingTest"/>
  <testcase name="@BeforeSuite startTest" time="0.0" classname="com.company.app.common.BaseTest">
    <ignored/>
  </testcase> <!-- @BeforeSuite startTest -->
</testsuite> <!-- Wallet Hub Assignment -->
